c:\users\narcis\documents\visual studio 2015\projects\tera_c++_emulator_1\tera_c++_emulator_1\release\entityservice.obj
c:\users\narcis\documents\visual studio 2015\projects\tera_c++_emulator_1\tera_c++_emulator_1\release\entity.obj
c:\users\narcis\documents\visual studio 2015\projects\tera_c++_emulator_1\tera_c++_emulator_1\release\effectzone.obj
c:\users\narcis\documents\visual studio 2015\projects\tera_c++_emulator_1\tera_c++_emulator_1\release\effectservice.obj
c:\users\narcis\documents\visual studio 2015\projects\tera_c++_emulator_1\tera_c++_emulator_1\release\utils.obj
c:\users\narcis\documents\visual studio 2015\projects\tera_c++_emulator_1\tera_c++_emulator_1\release\sha.obj
c:\users\narcis\documents\visual studio 2015\projects\tera_c++_emulator_1\tera_c++_emulator_1\release\session.obj
c:\users\narcis\documents\visual studio 2015\projects\tera_c++_emulator_1\tera_c++_emulator_1\release\cryptorkey.obj
c:\users\narcis\documents\visual studio 2015\projects\tera_c++_emulator_1\tera_c++_emulator_1\release\cryptor.obj
c:\users\narcis\documents\visual studio 2015\projects\tera_c++_emulator_1\tera_c++_emulator_1\release\creaturestats.obj
c:\users\narcis\documents\visual studio 2015\projects\tera_c++_emulator_1\tera_c++_emulator_1\release\creature.obj
c:\users\narcis\documents\visual studio 2015\projects\tera_c++_emulator_1\tera_c++_emulator_1\release\craftingsystem.obj
c:\users\narcis\documents\visual studio 2015\projects\tera_c++_emulator_1\tera_c++_emulator_1\release\client.obj
c:\users\narcis\documents\visual studio 2015\projects\tera_c++_emulator_1\tera_c++_emulator_1\release\chatsystem.obj
c:\users\narcis\documents\visual studio 2015\projects\tera_c++_emulator_1\tera_c++_emulator_1\release\broadcastservice.obj
c:\users\narcis\documents\visual studio 2015\projects\tera_c++_emulator_1\tera_c++_emulator_1\release\areaeffect.obj
c:\users\narcis\documents\visual studio 2015\projects\tera_c++_emulator_1\tera_c++_emulator_1\release\area.obj
c:\users\narcis\documents\visual studio 2015\projects\tera_c++_emulator_1\tera_c++_emulator_1\release\account.obj
c:\users\narcis\documents\visual studio 2015\projects\tera_c++_emulator_1\tera_c++_emulator_1\release\abnormalityeffect.obj
c:\users\narcis\documents\visual studio 2015\projects\tera_c++_emulator_1\tera_c++_emulator_1\release\abnormalitiesservice.obj
c:\users\narcis\documents\visual studio 2015\projects\tera_c++_emulator_1\tera_c++_emulator_1\release\projectile.obj
c:\users\narcis\documents\visual studio 2015\projects\tera_c++_emulator_1\tera_c++_emulator_1\release\playerstructs.obj
c:\users\narcis\documents\visual studio 2015\projects\tera_c++_emulator_1\tera_c++_emulator_1\release\playerservice.obj
c:\users\narcis\documents\visual studio 2015\projects\tera_c++_emulator_1\tera_c++_emulator_1\release\player.obj
c:\users\narcis\documents\visual studio 2015\projects\tera_c++_emulator_1\tera_c++_emulator_1\release\passivityservice.obj
c:\users\narcis\documents\visual studio 2015\projects\tera_c++_emulator_1\tera_c++_emulator_1\release\passivity.obj
c:\users\narcis\documents\visual studio 2015\projects\tera_c++_emulator_1\tera_c++_emulator_1\release\opcodes.obj
c:\users\narcis\documents\visual studio 2015\projects\tera_c++_emulator_1\tera_c++_emulator_1\release\sqlstream.obj
c:\users\narcis\documents\visual studio 2015\projects\tera_c++_emulator_1\tera_c++_emulator_1\release\mysqldriver.obj
c:\users\narcis\documents\visual studio 2015\projects\tera_c++_emulator_1\tera_c++_emulator_1\release\main.obj
c:\users\narcis\documents\visual studio 2015\projects\tera_c++_emulator_1\tera_c++_emulator_1\release\listener.obj
c:\users\narcis\documents\visual studio 2015\projects\tera_c++_emulator_1\tera_c++_emulator_1\release\levelingservice.obj
c:\users\narcis\documents\visual studio 2015\projects\tera_c++_emulator_1\tera_c++_emulator_1\release\inventoryservice.obj
c:\users\narcis\documents\visual studio 2015\projects\tera_c++_emulator_1\tera_c++_emulator_1\release\iitem.obj
c:\users\narcis\documents\visual studio 2015\projects\tera_c++_emulator_1\tera_c++_emulator_1\release\iabnormality.obj
c:\users\narcis\documents\visual studio 2015\projects\tera_c++_emulator_1\tera_c++_emulator_1\release\huntingzone.obj
c:\users\narcis\documents\visual studio 2015\projects\tera_c++_emulator_1\tera_c++_emulator_1\release\guildsystem.obj
c:\users\narcis\documents\visual studio 2015\projects\tera_c++_emulator_1\tera_c++_emulator_1\release\geoservice.obj
c:\users\narcis\documents\visual studio 2015\projects\tera_c++_emulator_1\tera_c++_emulator_1\release\friendsystem.obj
c:\users\narcis\documents\visual studio 2015\projects\tera_c++_emulator_1\tera_c++_emulator_1\release\filestream.obj
c:\users\narcis\documents\visual studio 2015\projects\tera_c++_emulator_1\tera_c++_emulator_1\release\rloadtopofin.obj
c:\users\narcis\documents\visual studio 2015\projects\tera_c++_emulator_1\tera_c++_emulator_1\release\rhardwareinfo.obj
c:\users\narcis\documents\visual studio 2015\projects\tera_c++_emulator_1\tera_c++_emulator_1\release\rguardpkpolicy.obj
c:\users\narcis\documents\visual studio 2015\projects\tera_c++_emulator_1\tera_c++_emulator_1\release\rgetplayerlist.obj
c:\users\narcis\documents\visual studio 2015\projects\tera_c++_emulator_1\tera_c++_emulator_1\release\rgetplayerguildlogo.obj
c:\users\narcis\documents\visual studio 2015\projects\tera_c++_emulator_1\tera_c++_emulator_1\release\rexit.obj
c:\users\narcis\documents\visual studio 2015\projects\tera_c++_emulator_1\tera_c++_emulator_1\release\reventguide.obj
c:\users\narcis\documents\visual studio 2015\projects\tera_c++_emulator_1\tera_c++_emulator_1\release\rdungeoncooltimelist.obj
c:\users\narcis\documents\visual studio 2015\projects\tera_c++_emulator_1\tera_c++_emulator_1\release\rdungeonclearcountlist.obj
c:\users\narcis\documents\visual studio 2015\projects\tera_c++_emulator_1\tera_c++_emulator_1\release\rdeleteplayer.obj
c:\users\narcis\documents\visual studio 2015\projects\tera_c++_emulator_1\tera_c++_emulator_1\release\2drectangle.obj
c:\users\narcis\documents\visual studio 2015\projects\tera_c++_emulator_1\tera_c++_emulator_1\release\rcreateplayer.obj
c:\users\narcis\documents\visual studio 2015\projects\tera_c++_emulator_1\tera_c++_emulator_1\release\rcheckusername.obj
c:\users\narcis\documents\visual studio 2015\projects\tera_c++_emulator_1\tera_c++_emulator_1\release\rchat.obj
c:\users\narcis\documents\visual studio 2015\projects\tera_c++_emulator_1\tera_c++_emulator_1\release\rchangeuserlobbyslotid.obj
c:\users\narcis\documents\visual studio 2015\projects\tera_c++_emulator_1\tera_c++_emulator_1\release\rcancreateplayer.obj
c:\users\narcis\documents\visual studio 2015\projects\tera_c++_emulator_1\tera_c++_emulator_1\release\rcancelskill.obj
c:\users\narcis\documents\visual studio 2015\projects\tera_c++_emulator_1\tera_c++_emulator_1\release\rcanceldeleteplayer.obj
c:\users\narcis\documents\visual studio 2015\projects\tera_c++_emulator_1\tera_c++_emulator_1\release\projectilestructs.obj
c:\users\narcis\documents\visual studio 2015\projects\tera_c++_emulator_1\tera_c++_emulator_1\release\projectileskill.obj
c:\users\narcis\documents\visual studio 2015\projects\tera_c++_emulator_1\tera_c++_emulator_1\release\rtradebrokerhighestitemlevel.obj
c:\users\narcis\documents\visual studio 2015\projects\tera_c++_emulator_1\tera_c++_emulator_1\release\rstrevaluatelist.obj
c:\users\narcis\documents\visual studio 2015\projects\tera_c++_emulator_1\tera_c++_emulator_1\release\rstartskill.obj
c:\users\narcis\documents\visual studio 2015\projects\tera_c++_emulator_1\tera_c++_emulator_1\release\rskilllearnrequest.obj
c:\users\narcis\documents\visual studio 2015\projects\tera_c++_emulator_1\tera_c++_emulator_1\release\rsimpletiprepeatcheck.obj
c:\users\narcis\documents\visual studio 2015\projects\tera_c++_emulator_1\tera_c++_emulator_1\release\rskilllearnlist.obj
c:\users\narcis\documents\visual studio 2015\projects\tera_c++_emulator_1\tera_c++_emulator_1\release\rshowinven.obj
c:\users\narcis\documents\visual studio 2015\projects\tera_c++_emulator_1\tera_c++_emulator_1\release\rservertime.obj
c:\users\narcis\documents\visual studio 2015\projects\tera_c++_emulator_1\tera_c++_emulator_1\release\rselectplayer.obj
c:\users\narcis\documents\visual studio 2015\projects\tera_c++_emulator_1\tera_c++_emulator_1\release\rsaveusersettings.obj
c:\users\narcis\documents\visual studio 2015\projects\tera_c++_emulator_1\tera_c++_emulator_1\release\rsaveplayeraccountsettings.obj
c:\users\narcis\documents\visual studio 2015\projects\tera_c++_emulator_1\tera_c++_emulator_1\release\rreturntolobby.obj
c:\users\narcis\documents\visual studio 2015\projects\tera_c++_emulator_1\tera_c++_emulator_1\release\rreqvipsysteminfo.obj
c:\users\narcis\documents\visual studio 2015\projects\tera_c++_emulator_1\tera_c++_emulator_1\release\rrequestuseritemlevelinfo.obj
c:\users\narcis\documents\visual studio 2015\projects\tera_c++_emulator_1\tera_c++_emulator_1\release\rrequestinstoreproductlist.obj
c:\users\narcis\documents\visual studio 2015\projects\tera_c++_emulator_1\tera_c++_emulator_1\release\rrequestgamestatping.obj
c:\users\narcis\documents\visual studio 2015\projects\tera_c++_emulator_1\tera_c++_emulator_1\release\rraigninfo.obj
c:\users\narcis\documents\visual studio 2015\projects\tera_c++_emulator_1\tera_c++_emulator_1\release\rnpcguildlist.obj
c:\users\narcis\documents\visual studio 2015\projects\tera_c++_emulator_1\tera_c++_emulator_1\release\rnotifylocationinaction.obj
c:\users\narcis\documents\visual studio 2015\projects\tera_c++_emulator_1\tera_c++_emulator_1\release\rmoveplayer.obj
c:\users\narcis\documents\visual studio 2015\projects\tera_c++_emulator_1\tera_c++_emulator_1\release\worldposition.obj
c:\users\narcis\documents\visual studio 2015\projects\tera_c++_emulator_1\tera_c++_emulator_1\release\worldobject.obj
c:\users\narcis\documents\visual studio 2015\projects\tera_c++_emulator_1\tera_c++_emulator_1\release\unionsystem.obj
c:\users\narcis\documents\visual studio 2015\projects\tera_c++_emulator_1\tera_c++_emulator_1\release\tosendpacket.obj
c:\users\narcis\documents\visual studio 2015\projects\tera_c++_emulator_1\tera_c++_emulator_1\release\serverutils.obj
c:\users\narcis\documents\visual studio 2015\projects\tera_c++_emulator_1\tera_c++_emulator_1\release\server.obj
c:\users\narcis\documents\visual studio 2015\projects\tera_c++_emulator_1\tera_c++_emulator_1\release\terapacket.obj
c:\users\narcis\documents\visual studio 2015\projects\tera_c++_emulator_1\tera_c++_emulator_1\release\stream.obj
c:\users\narcis\documents\visual studio 2015\projects\tera_c++_emulator_1\tera_c++_emulator_1\release\statsservice.obj
c:\users\narcis\documents\visual studio 2015\projects\tera_c++_emulator_1\tera_c++_emulator_1\release\ssetvisiblerange.obj
c:\users\narcis\documents\visual studio 2015\projects\tera_c++_emulator_1\tera_c++_emulator_1\release\sloginarbiter.obj
c:\users\narcis\documents\visual studio 2015\projects\tera_c++_emulator_1\tera_c++_emulator_1\release\skillstructs.obj
c:\users\narcis\documents\visual studio 2015\projects\tera_c++_emulator_1\tera_c++_emulator_1\release\skillservice.obj
c:\users\narcis\documents\visual studio 2015\projects\tera_c++_emulator_1\tera_c++_emulator_1\release\skill.obj
c:\users\narcis\documents\visual studio 2015\projects\tera_c++_emulator_1\tera_c++_emulator_1\release\servertimer.obj
c:\users\narcis\documents\visual studio 2015\projects\tera_c++_emulator_1\tera_c++_emulator_1\release\sendpacket.obj
c:\users\narcis\documents\visual studio 2015\projects\tera_c++_emulator_1\tera_c++_emulator_1\release\scheckversion.obj
c:\users\narcis\documents\visual studio 2015\projects\tera_c++_emulator_1\tera_c++_emulator_1\release\rvisitnewsection.obj
c:\users\narcis\documents\visual studio 2015\projects\tera_c++_emulator_1\tera_c++_emulator_1\release\rupdatecontentsplaytime.obj
c:\users\narcis\documents\visual studio 2015\projects\tera_c++_emulator_1\tera_c++_emulator_1\release\runionsummary.obj
c:\users\narcis\documents\visual studio 2015\projects\tera_c++_emulator_1\tera_c++_emulator_1\release\xmldocumentparser.obj
c:\users\narcis\documents\visual studio 2015\projects\tera_c++_emulator_1\tera_c++_emulator_1\release\worldsystem.obj
c:\users\narcis\documents\visual studio 2015\projects\tera_c++_emulator_1\tera_c++_emulator_1\release\inventoryslot.obj
c:\users\narcis\documents\visual studio 2015\projects\tera_c++_emulator_1\tera_c++_emulator_1\release\inventory.obj
c:\users\narcis\documents\visual studio 2015\projects\tera_c++_emulator_1\tera_c++_emulator_1\release\vc140.pdb
c:\users\narcis\documents\visual studio 2015\projects\tera_c++_emulator_1\release\tera_c++_emulator_1.exe
c:\users\narcis\documents\visual studio 2015\projects\tera_c++_emulator_1\release\tera_c++_emulator_1.ipdb
c:\users\narcis\documents\visual studio 2015\projects\tera_c++_emulator_1\release\tera_c++_emulator_1.iobj
c:\users\narcis\documents\visual studio 2015\projects\tera_c++_emulator_1\release\tera_c++_emulator_1.pdb
c:\users\narcis\documents\visual studio 2015\projects\tera_c++_emulator_1\tera_c++_emulator_1\release\tera_c++_emulator_11.res
c:\users\narcis\documents\visual studio 2015\projects\tera_c++_emulator_1\tera_c++_emulator_1\release\tera_c++.ab2072f0.tlog\cl.command.1.tlog
c:\users\narcis\documents\visual studio 2015\projects\tera_c++_emulator_1\tera_c++_emulator_1\release\tera_c++.ab2072f0.tlog\cl.read.1.tlog
c:\users\narcis\documents\visual studio 2015\projects\tera_c++_emulator_1\tera_c++_emulator_1\release\tera_c++.ab2072f0.tlog\cl.write.1.tlog
c:\users\narcis\documents\visual studio 2015\projects\tera_c++_emulator_1\tera_c++_emulator_1\release\tera_c++.ab2072f0.tlog\link.command.1.tlog
c:\users\narcis\documents\visual studio 2015\projects\tera_c++_emulator_1\tera_c++_emulator_1\release\tera_c++.ab2072f0.tlog\link.read.1.tlog
c:\users\narcis\documents\visual studio 2015\projects\tera_c++_emulator_1\tera_c++_emulator_1\release\tera_c++.ab2072f0.tlog\link.write.1.tlog
c:\users\narcis\documents\visual studio 2015\projects\tera_c++_emulator_1\tera_c++_emulator_1\release\tera_c++.ab2072f0.tlog\rc.command.1.tlog
c:\users\narcis\documents\visual studio 2015\projects\tera_c++_emulator_1\tera_c++_emulator_1\release\tera_c++.ab2072f0.tlog\rc.read.1.tlog
c:\users\narcis\documents\visual studio 2015\projects\tera_c++_emulator_1\tera_c++_emulator_1\release\tera_c++.ab2072f0.tlog\rc.write.1.tlog
