c:\users\narcis\documents\visual studio 2015\projects\tera_c++_emulator_1\tera_c++_emulator_1\debug\vc140.pdb
c:\users\narcis\documents\visual studio 2015\projects\tera_c++_emulator_1\tera_c++_emulator_1\debug\vc140.idb
c:\users\narcis\documents\visual studio 2015\projects\tera_c++_emulator_1\tera_c++_emulator_1\debug\ssetvisiblerange.obj
c:\users\narcis\documents\visual studio 2015\projects\tera_c++_emulator_1\tera_c++_emulator_1\debug\sendpacket.obj
c:\users\narcis\documents\visual studio 2015\projects\tera_c++_emulator_1\tera_c++_emulator_1\debug\server.obj
c:\users\narcis\documents\visual studio 2015\projects\tera_c++_emulator_1\tera_c++_emulator_1\debug\servertimer.obj
c:\users\narcis\documents\visual studio 2015\projects\tera_c++_emulator_1\tera_c++_emulator_1\debug\serverutils.obj
c:\users\narcis\documents\visual studio 2015\projects\tera_c++_emulator_1\tera_c++_emulator_1\debug\skill.obj
c:\users\narcis\documents\visual studio 2015\projects\tera_c++_emulator_1\tera_c++_emulator_1\debug\skillservice.obj
c:\users\narcis\documents\visual studio 2015\projects\tera_c++_emulator_1\tera_c++_emulator_1\debug\skillstructs.obj
c:\users\narcis\documents\visual studio 2015\projects\tera_c++_emulator_1\tera_c++_emulator_1\debug\statsservice.obj
c:\users\narcis\documents\visual studio 2015\projects\tera_c++_emulator_1\tera_c++_emulator_1\debug\stream.obj
c:\users\narcis\documents\visual studio 2015\projects\tera_c++_emulator_1\tera_c++_emulator_1\debug\terapacket.obj
c:\users\narcis\documents\visual studio 2015\projects\tera_c++_emulator_1\tera_c++_emulator_1\debug\tosendpacket.obj
c:\users\narcis\documents\visual studio 2015\projects\tera_c++_emulator_1\tera_c++_emulator_1\debug\unionsystem.obj
c:\users\narcis\documents\visual studio 2015\projects\tera_c++_emulator_1\tera_c++_emulator_1\debug\worldobject.obj
c:\users\narcis\documents\visual studio 2015\projects\tera_c++_emulator_1\tera_c++_emulator_1\debug\worldposition.obj
c:\users\narcis\documents\visual studio 2015\projects\tera_c++_emulator_1\tera_c++_emulator_1\debug\worldsystem.obj
c:\users\narcis\documents\visual studio 2015\projects\tera_c++_emulator_1\tera_c++_emulator_1\debug\xmldocumentparser.obj
c:\users\narcis\documents\visual studio 2015\projects\tera_c++_emulator_1\tera_c++_emulator_1\debug\main.obj
c:\users\narcis\documents\visual studio 2015\projects\tera_c++_emulator_1\tera_c++_emulator_1\debug\mysqldriver.obj
c:\users\narcis\documents\visual studio 2015\projects\tera_c++_emulator_1\tera_c++_emulator_1\debug\sqlstream.obj
c:\users\narcis\documents\visual studio 2015\projects\tera_c++_emulator_1\tera_c++_emulator_1\debug\rrequestinstoreproductlist.obj
c:\users\narcis\documents\visual studio 2015\projects\tera_c++_emulator_1\tera_c++_emulator_1\debug\rrequestuseritemlevelinfo.obj
c:\users\narcis\documents\visual studio 2015\projects\tera_c++_emulator_1\tera_c++_emulator_1\debug\rreturntolobby.obj
c:\users\narcis\documents\visual studio 2015\projects\tera_c++_emulator_1\tera_c++_emulator_1\debug\rsaveplayeraccountsettings.obj
c:\users\narcis\documents\visual studio 2015\projects\tera_c++_emulator_1\tera_c++_emulator_1\debug\rsaveusersettings.obj
c:\users\narcis\documents\visual studio 2015\projects\tera_c++_emulator_1\tera_c++_emulator_1\debug\rselectplayer.obj
c:\users\narcis\documents\visual studio 2015\projects\tera_c++_emulator_1\tera_c++_emulator_1\debug\rservertime.obj
c:\users\narcis\documents\visual studio 2015\projects\tera_c++_emulator_1\tera_c++_emulator_1\debug\rshowinven.obj
c:\users\narcis\documents\visual studio 2015\projects\tera_c++_emulator_1\tera_c++_emulator_1\debug\rshowitemtooltipex.obj
c:\users\narcis\documents\visual studio 2015\projects\tera_c++_emulator_1\tera_c++_emulator_1\debug\rsimpletiprepeatcheck.obj
c:\users\narcis\documents\visual studio 2015\projects\tera_c++_emulator_1\tera_c++_emulator_1\debug\rskilllearnlist.obj
c:\users\narcis\documents\visual studio 2015\projects\tera_c++_emulator_1\tera_c++_emulator_1\debug\rskilllearnrequest.obj
c:\users\narcis\documents\visual studio 2015\projects\tera_c++_emulator_1\tera_c++_emulator_1\debug\rstartskill.obj
c:\users\narcis\documents\visual studio 2015\projects\tera_c++_emulator_1\tera_c++_emulator_1\debug\rstrevaluatelist.obj
c:\users\narcis\documents\visual studio 2015\projects\tera_c++_emulator_1\tera_c++_emulator_1\debug\rtradebrokerhighestitemlevel.obj
c:\users\narcis\documents\visual studio 2015\projects\tera_c++_emulator_1\tera_c++_emulator_1\debug\runionsummary.obj
c:\users\narcis\documents\visual studio 2015\projects\tera_c++_emulator_1\tera_c++_emulator_1\debug\rupdatecontentsplaytime.obj
c:\users\narcis\documents\visual studio 2015\projects\tera_c++_emulator_1\tera_c++_emulator_1\debug\rvisitnewsection.obj
c:\users\narcis\documents\visual studio 2015\projects\tera_c++_emulator_1\tera_c++_emulator_1\debug\scheckversion.obj
c:\users\narcis\documents\visual studio 2015\projects\tera_c++_emulator_1\tera_c++_emulator_1\debug\sloginarbiter.obj
c:\users\narcis\documents\visual studio 2015\projects\tera_c++_emulator_1\tera_c++_emulator_1\debug\rcreateplayer.obj
c:\users\narcis\documents\visual studio 2015\projects\tera_c++_emulator_1\tera_c++_emulator_1\debug\rdelitem.obj
c:\users\narcis\documents\visual studio 2015\projects\tera_c++_emulator_1\tera_c++_emulator_1\debug\rdeleteplayer.obj
c:\users\narcis\documents\visual studio 2015\projects\tera_c++_emulator_1\tera_c++_emulator_1\debug\rdungeonclearcountlist.obj
c:\users\narcis\documents\visual studio 2015\projects\tera_c++_emulator_1\tera_c++_emulator_1\debug\rdungeoncooltimelist.obj
c:\users\narcis\documents\visual studio 2015\projects\tera_c++_emulator_1\tera_c++_emulator_1\debug\requipitem.obj
c:\users\narcis\documents\visual studio 2015\projects\tera_c++_emulator_1\tera_c++_emulator_1\debug\reventguide.obj
c:\users\narcis\documents\visual studio 2015\projects\tera_c++_emulator_1\tera_c++_emulator_1\debug\rexit.obj
c:\users\narcis\documents\visual studio 2015\projects\tera_c++_emulator_1\tera_c++_emulator_1\debug\rgetplayerguildlogo.obj
c:\users\narcis\documents\visual studio 2015\projects\tera_c++_emulator_1\tera_c++_emulator_1\debug\rgetplayerlist.obj
c:\users\narcis\documents\visual studio 2015\projects\tera_c++_emulator_1\tera_c++_emulator_1\debug\rguardpkpolicy.obj
c:\users\narcis\documents\visual studio 2015\projects\tera_c++_emulator_1\tera_c++_emulator_1\debug\rhardwareinfo.obj
c:\users\narcis\documents\visual studio 2015\projects\tera_c++_emulator_1\tera_c++_emulator_1\debug\rloadtopofin.obj
c:\users\narcis\documents\visual studio 2015\projects\tera_c++_emulator_1\tera_c++_emulator_1\debug\rmoveitempos.obj
c:\users\narcis\documents\visual studio 2015\projects\tera_c++_emulator_1\tera_c++_emulator_1\debug\rmoveplayer.obj
c:\users\narcis\documents\visual studio 2015\projects\tera_c++_emulator_1\tera_c++_emulator_1\debug\rnotifylocationinaction.obj
c:\users\narcis\documents\visual studio 2015\projects\tera_c++_emulator_1\tera_c++_emulator_1\debug\rnpcguildlist.obj
c:\users\narcis\documents\visual studio 2015\projects\tera_c++_emulator_1\tera_c++_emulator_1\debug\rraigninfo.obj
c:\users\narcis\documents\visual studio 2015\projects\tera_c++_emulator_1\tera_c++_emulator_1\debug\rreqvipsysteminfo.obj
c:\users\narcis\documents\visual studio 2015\projects\tera_c++_emulator_1\tera_c++_emulator_1\debug\rrequestgamestatping.obj
c:\users\narcis\documents\visual studio 2015\projects\tera_c++_emulator_1\tera_c++_emulator_1\debug\levelingservice.obj
c:\users\narcis\documents\visual studio 2015\projects\tera_c++_emulator_1\tera_c++_emulator_1\debug\listener.obj
c:\users\narcis\documents\visual studio 2015\projects\tera_c++_emulator_1\tera_c++_emulator_1\debug\messagingsystem.obj
c:\users\narcis\documents\visual studio 2015\projects\tera_c++_emulator_1\tera_c++_emulator_1\debug\mobstats.obj
c:\users\narcis\documents\visual studio 2015\projects\tera_c++_emulator_1\tera_c++_emulator_1\debug\opcodes.obj
c:\users\narcis\documents\visual studio 2015\projects\tera_c++_emulator_1\tera_c++_emulator_1\debug\passivity.obj
c:\users\narcis\documents\visual studio 2015\projects\tera_c++_emulator_1\tera_c++_emulator_1\debug\passivityservice.obj
c:\users\narcis\documents\visual studio 2015\projects\tera_c++_emulator_1\tera_c++_emulator_1\debug\passivitysystem.obj
c:\users\narcis\documents\visual studio 2015\projects\tera_c++_emulator_1\tera_c++_emulator_1\debug\player.obj
c:\users\narcis\documents\visual studio 2015\projects\tera_c++_emulator_1\tera_c++_emulator_1\debug\playerstructs.obj
c:\users\narcis\documents\visual studio 2015\projects\tera_c++_emulator_1\tera_c++_emulator_1\debug\projectile.obj
c:\users\narcis\documents\visual studio 2015\projects\tera_c++_emulator_1\tera_c++_emulator_1\debug\projectileskill.obj
c:\users\narcis\documents\visual studio 2015\projects\tera_c++_emulator_1\tera_c++_emulator_1\debug\projectilestructs.obj
c:\users\narcis\documents\visual studio 2015\projects\tera_c++_emulator_1\tera_c++_emulator_1\debug\rcancreateplayer.obj
c:\users\narcis\documents\visual studio 2015\projects\tera_c++_emulator_1\tera_c++_emulator_1\debug\rcanceldeleteplayer.obj
c:\users\narcis\documents\visual studio 2015\projects\tera_c++_emulator_1\tera_c++_emulator_1\debug\rcancelskill.obj
c:\users\narcis\documents\visual studio 2015\projects\tera_c++_emulator_1\tera_c++_emulator_1\debug\rchangeuserlobbyslotid.obj
c:\users\narcis\documents\visual studio 2015\projects\tera_c++_emulator_1\tera_c++_emulator_1\debug\rchat.obj
c:\users\narcis\documents\visual studio 2015\projects\tera_c++_emulator_1\tera_c++_emulator_1\debug\rcheckusername.obj
c:\users\narcis\documents\visual studio 2015\projects\tera_c++_emulator_1\tera_c++_emulator_1\debug\cryptorkey.obj
c:\users\narcis\documents\visual studio 2015\projects\tera_c++_emulator_1\tera_c++_emulator_1\debug\session.obj
c:\users\narcis\documents\visual studio 2015\projects\tera_c++_emulator_1\tera_c++_emulator_1\debug\sha.obj
c:\users\narcis\documents\visual studio 2015\projects\tera_c++_emulator_1\tera_c++_emulator_1\debug\utils.obj
c:\users\narcis\documents\visual studio 2015\projects\tera_c++_emulator_1\tera_c++_emulator_1\debug\effectengine.obj
c:\users\narcis\documents\visual studio 2015\projects\tera_c++_emulator_1\tera_c++_emulator_1\debug\effectservice.obj
c:\users\narcis\documents\visual studio 2015\projects\tera_c++_emulator_1\tera_c++_emulator_1\debug\effectzone.obj
c:\users\narcis\documents\visual studio 2015\projects\tera_c++_emulator_1\tera_c++_emulator_1\debug\entity.obj
c:\users\narcis\documents\visual studio 2015\projects\tera_c++_emulator_1\tera_c++_emulator_1\debug\entityservice.obj
c:\users\narcis\documents\visual studio 2015\projects\tera_c++_emulator_1\tera_c++_emulator_1\debug\equipmentset.obj
c:\users\narcis\documents\visual studio 2015\projects\tera_c++_emulator_1\tera_c++_emulator_1\debug\filestream.obj
c:\users\narcis\documents\visual studio 2015\projects\tera_c++_emulator_1\tera_c++_emulator_1\debug\friendsystem.obj
c:\users\narcis\documents\visual studio 2015\projects\tera_c++_emulator_1\tera_c++_emulator_1\debug\geoservice.obj
c:\users\narcis\documents\visual studio 2015\projects\tera_c++_emulator_1\tera_c++_emulator_1\debug\guildsystem.obj
c:\users\narcis\documents\visual studio 2015\projects\tera_c++_emulator_1\tera_c++_emulator_1\debug\huntingzone.obj
c:\users\narcis\documents\visual studio 2015\projects\tera_c++_emulator_1\tera_c++_emulator_1\debug\iabnormality.obj
c:\users\narcis\documents\visual studio 2015\projects\tera_c++_emulator_1\tera_c++_emulator_1\debug\iitem.obj
c:\users\narcis\documents\visual studio 2015\projects\tera_c++_emulator_1\tera_c++_emulator_1\debug\inventory.obj
c:\users\narcis\documents\visual studio 2015\projects\tera_c++_emulator_1\tera_c++_emulator_1\debug\inventoryservice.obj
c:\users\narcis\documents\visual studio 2015\projects\tera_c++_emulator_1\tera_c++_emulator_1\debug\inventoryslot.obj
c:\users\narcis\documents\visual studio 2015\projects\tera_c++_emulator_1\tera_c++_emulator_1\debug\2drectangle.obj
c:\users\narcis\documents\visual studio 2015\projects\tera_c++_emulator_1\tera_c++_emulator_1\debug\abnormalitiesservice.obj
c:\users\narcis\documents\visual studio 2015\projects\tera_c++_emulator_1\tera_c++_emulator_1\debug\abnormalityeffect.obj
c:\users\narcis\documents\visual studio 2015\projects\tera_c++_emulator_1\tera_c++_emulator_1\debug\account.obj
c:\users\narcis\documents\visual studio 2015\projects\tera_c++_emulator_1\tera_c++_emulator_1\debug\area.obj
c:\users\narcis\documents\visual studio 2015\projects\tera_c++_emulator_1\tera_c++_emulator_1\debug\areaeffect.obj
c:\users\narcis\documents\visual studio 2015\projects\tera_c++_emulator_1\tera_c++_emulator_1\debug\broadcastservice.obj
c:\users\narcis\documents\visual studio 2015\projects\tera_c++_emulator_1\tera_c++_emulator_1\debug\chatsystem.obj
c:\users\narcis\documents\visual studio 2015\projects\tera_c++_emulator_1\tera_c++_emulator_1\debug\client.obj
c:\users\narcis\documents\visual studio 2015\projects\tera_c++_emulator_1\tera_c++_emulator_1\debug\combatmanager.obj
c:\users\narcis\documents\visual studio 2015\projects\tera_c++_emulator_1\tera_c++_emulator_1\debug\craftingsystem.obj
c:\users\narcis\documents\visual studio 2015\projects\tera_c++_emulator_1\tera_c++_emulator_1\debug\creature.obj
c:\users\narcis\documents\visual studio 2015\projects\tera_c++_emulator_1\tera_c++_emulator_1\debug\creaturebase.obj
c:\users\narcis\documents\visual studio 2015\projects\tera_c++_emulator_1\tera_c++_emulator_1\debug\creaturestats.obj
c:\users\narcis\documents\visual studio 2015\projects\tera_c++_emulator_1\tera_c++_emulator_1\debug\cryptor.obj
c:\users\narcis\documents\visual studio 2015\projects\tera_c++_emulator_1\tera_c++_emulator_1\debug\playerservice.obj
c:\users\narcis\documents\visual studio 2015\projects\tera_c++_emulator_1\tera_c++_emulator_1\debug\rrequestcontract.obj
c:\users\narcis\documents\visual studio 2015\projects\tera_c++_emulator_1\tera_c++_emulator_1\debug\rinventoryautosort.obj
c:\users\narcis\documents\visual studio 2015\projects\tera_c++_emulator_1\tera_c++_emulator_1\debug\runequipitem.obj
c:\users\narcis\documents\visual studio 2015\projects\tera_c++_emulator_1\debug\tera_c++_emulator_1.ilk
c:\users\narcis\documents\visual studio 2015\projects\tera_c++_emulator_1\debug\tera_c++_emulator_1.exe
c:\users\narcis\documents\visual studio 2015\projects\tera_c++_emulator_1\debug\tera_c++_emulator_1.pdb
c:\users\narcis\documents\visual studio 2015\projects\tera_c++_emulator_1\tera_c++_emulator_1\debug\tera_c++_emulator_11.res
c:\users\narcis\documents\visual studio 2015\projects\tera_c++_emulator_1\tera_c++_emulator_1\debug\account.obj.enc
c:\users\narcis\documents\visual studio 2015\projects\tera_c++_emulator_1\tera_c++_emulator_1\debug\area.obj.enc
c:\users\narcis\documents\visual studio 2015\projects\tera_c++_emulator_1\tera_c++_emulator_1\debug\chatsystem.obj.enc
c:\users\narcis\documents\visual studio 2015\projects\tera_c++_emulator_1\tera_c++_emulator_1\debug\client.obj.enc
c:\users\narcis\documents\visual studio 2015\projects\tera_c++_emulator_1\tera_c++_emulator_1\debug\craftingsystem.obj.enc
c:\users\narcis\documents\visual studio 2015\projects\tera_c++_emulator_1\tera_c++_emulator_1\debug\creature.obj.enc
c:\users\narcis\documents\visual studio 2015\projects\tera_c++_emulator_1\tera_c++_emulator_1\debug\creaturebase.obj.enc
c:\users\narcis\documents\visual studio 2015\projects\tera_c++_emulator_1\tera_c++_emulator_1\debug\creaturestats.obj.enc
c:\users\narcis\documents\visual studio 2015\projects\tera_c++_emulator_1\tera_c++_emulator_1\debug\friendsystem.obj.enc
c:\users\narcis\documents\visual studio 2015\projects\tera_c++_emulator_1\tera_c++_emulator_1\debug\geoservice.obj.enc
c:\users\narcis\documents\visual studio 2015\projects\tera_c++_emulator_1\tera_c++_emulator_1\debug\guildsystem.obj.enc
c:\users\narcis\documents\visual studio 2015\projects\tera_c++_emulator_1\tera_c++_emulator_1\debug\huntingzone.obj.enc
c:\users\narcis\documents\visual studio 2015\projects\tera_c++_emulator_1\tera_c++_emulator_1\debug\inventory.obj.enc
c:\users\narcis\documents\visual studio 2015\projects\tera_c++_emulator_1\tera_c++_emulator_1\debug\inventoryservice.obj.enc
c:\users\narcis\documents\visual studio 2015\projects\tera_c++_emulator_1\tera_c++_emulator_1\debug\mobstats.obj.enc
c:\users\narcis\documents\visual studio 2015\projects\tera_c++_emulator_1\tera_c++_emulator_1\debug\opcodes.obj.enc
c:\users\narcis\documents\visual studio 2015\projects\tera_c++_emulator_1\tera_c++_emulator_1\debug\passivitysystem.obj.enc
c:\users\narcis\documents\visual studio 2015\projects\tera_c++_emulator_1\tera_c++_emulator_1\debug\player.obj.enc
c:\users\narcis\documents\visual studio 2015\projects\tera_c++_emulator_1\tera_c++_emulator_1\debug\playerservice.obj.enc
c:\users\narcis\documents\visual studio 2015\projects\tera_c++_emulator_1\tera_c++_emulator_1\debug\rcanceldeleteplayer.obj.enc
c:\users\narcis\documents\visual studio 2015\projects\tera_c++_emulator_1\tera_c++_emulator_1\debug\rcancelskill.obj.enc
c:\users\narcis\documents\visual studio 2015\projects\tera_c++_emulator_1\tera_c++_emulator_1\debug\rcancreateplayer.obj.enc
c:\users\narcis\documents\visual studio 2015\projects\tera_c++_emulator_1\tera_c++_emulator_1\debug\rchangeuserlobbyslotid.obj.enc
c:\users\narcis\documents\visual studio 2015\projects\tera_c++_emulator_1\tera_c++_emulator_1\debug\rchat.obj.enc
c:\users\narcis\documents\visual studio 2015\projects\tera_c++_emulator_1\tera_c++_emulator_1\debug\rcheckusername.obj.enc
c:\users\narcis\documents\visual studio 2015\projects\tera_c++_emulator_1\tera_c++_emulator_1\debug\rcreateplayer.obj.enc
c:\users\narcis\documents\visual studio 2015\projects\tera_c++_emulator_1\tera_c++_emulator_1\debug\rdeleteplayer.obj.enc
c:\users\narcis\documents\visual studio 2015\projects\tera_c++_emulator_1\tera_c++_emulator_1\debug\rdelitem.obj.enc
c:\users\narcis\documents\visual studio 2015\projects\tera_c++_emulator_1\tera_c++_emulator_1\debug\rdungeonclearcountlist.obj.enc
c:\users\narcis\documents\visual studio 2015\projects\tera_c++_emulator_1\tera_c++_emulator_1\debug\rdungeoncooltimelist.obj.enc
c:\users\narcis\documents\visual studio 2015\projects\tera_c++_emulator_1\tera_c++_emulator_1\debug\requipitem.obj.enc
c:\users\narcis\documents\visual studio 2015\projects\tera_c++_emulator_1\tera_c++_emulator_1\debug\reventguide.obj.enc
c:\users\narcis\documents\visual studio 2015\projects\tera_c++_emulator_1\tera_c++_emulator_1\debug\rexit.obj.enc
c:\users\narcis\documents\visual studio 2015\projects\tera_c++_emulator_1\tera_c++_emulator_1\debug\rgetplayerguildlogo.obj.enc
c:\users\narcis\documents\visual studio 2015\projects\tera_c++_emulator_1\tera_c++_emulator_1\debug\rgetplayerlist.obj.enc
c:\users\narcis\documents\visual studio 2015\projects\tera_c++_emulator_1\tera_c++_emulator_1\debug\rguardpkpolicy.obj.enc
c:\users\narcis\documents\visual studio 2015\projects\tera_c++_emulator_1\tera_c++_emulator_1\debug\rhardwareinfo.obj.enc
c:\users\narcis\documents\visual studio 2015\projects\tera_c++_emulator_1\tera_c++_emulator_1\debug\rloadtopofin.obj.enc
c:\users\narcis\documents\visual studio 2015\projects\tera_c++_emulator_1\tera_c++_emulator_1\debug\rmoveitempos.obj.enc
c:\users\narcis\documents\visual studio 2015\projects\tera_c++_emulator_1\tera_c++_emulator_1\debug\rmoveplayer.obj.enc
c:\users\narcis\documents\visual studio 2015\projects\tera_c++_emulator_1\tera_c++_emulator_1\debug\rnotifylocationinaction.obj.enc
c:\users\narcis\documents\visual studio 2015\projects\tera_c++_emulator_1\tera_c++_emulator_1\debug\rnpcguildlist.obj.enc
c:\users\narcis\documents\visual studio 2015\projects\tera_c++_emulator_1\tera_c++_emulator_1\debug\rraigninfo.obj.enc
c:\users\narcis\documents\visual studio 2015\projects\tera_c++_emulator_1\tera_c++_emulator_1\debug\rrequestgamestatping.obj.enc
c:\users\narcis\documents\visual studio 2015\projects\tera_c++_emulator_1\tera_c++_emulator_1\debug\rrequestinstoreproductlist.obj.enc
c:\users\narcis\documents\visual studio 2015\projects\tera_c++_emulator_1\tera_c++_emulator_1\debug\rrequestuseritemlevelinfo.obj.enc
c:\users\narcis\documents\visual studio 2015\projects\tera_c++_emulator_1\tera_c++_emulator_1\debug\rreqvipsysteminfo.obj.enc
c:\users\narcis\documents\visual studio 2015\projects\tera_c++_emulator_1\tera_c++_emulator_1\debug\rreturntolobby.obj.enc
c:\users\narcis\documents\visual studio 2015\projects\tera_c++_emulator_1\tera_c++_emulator_1\debug\rsaveplayeraccountsettings.obj.enc
c:\users\narcis\documents\visual studio 2015\projects\tera_c++_emulator_1\tera_c++_emulator_1\debug\rsaveusersettings.obj.enc
c:\users\narcis\documents\visual studio 2015\projects\tera_c++_emulator_1\tera_c++_emulator_1\debug\rselectplayer.obj.enc
c:\users\narcis\documents\visual studio 2015\projects\tera_c++_emulator_1\tera_c++_emulator_1\debug\rservertime.obj.enc
c:\users\narcis\documents\visual studio 2015\projects\tera_c++_emulator_1\tera_c++_emulator_1\debug\rshowinven.obj.enc
c:\users\narcis\documents\visual studio 2015\projects\tera_c++_emulator_1\tera_c++_emulator_1\debug\rsimpletiprepeatcheck.obj.enc
c:\users\narcis\documents\visual studio 2015\projects\tera_c++_emulator_1\tera_c++_emulator_1\debug\rskilllearnlist.obj.enc
c:\users\narcis\documents\visual studio 2015\projects\tera_c++_emulator_1\tera_c++_emulator_1\debug\rskilllearnrequest.obj.enc
c:\users\narcis\documents\visual studio 2015\projects\tera_c++_emulator_1\tera_c++_emulator_1\debug\rstartskill.obj.enc
c:\users\narcis\documents\visual studio 2015\projects\tera_c++_emulator_1\tera_c++_emulator_1\debug\rstrevaluatelist.obj.enc
c:\users\narcis\documents\visual studio 2015\projects\tera_c++_emulator_1\tera_c++_emulator_1\debug\rtradebrokerhighestitemlevel.obj.enc
c:\users\narcis\documents\visual studio 2015\projects\tera_c++_emulator_1\tera_c++_emulator_1\debug\runionsummary.obj.enc
c:\users\narcis\documents\visual studio 2015\projects\tera_c++_emulator_1\tera_c++_emulator_1\debug\rupdatecontentsplaytime.obj.enc
c:\users\narcis\documents\visual studio 2015\projects\tera_c++_emulator_1\tera_c++_emulator_1\debug\rvisitnewsection.obj.enc
c:\users\narcis\documents\visual studio 2015\projects\tera_c++_emulator_1\tera_c++_emulator_1\debug\scheckversion.obj.enc
c:\users\narcis\documents\visual studio 2015\projects\tera_c++_emulator_1\tera_c++_emulator_1\debug\sendpacket.obj.enc
c:\users\narcis\documents\visual studio 2015\projects\tera_c++_emulator_1\tera_c++_emulator_1\debug\server.obj.enc
c:\users\narcis\documents\visual studio 2015\projects\tera_c++_emulator_1\tera_c++_emulator_1\debug\skillservice.obj.enc
c:\users\narcis\documents\visual studio 2015\projects\tera_c++_emulator_1\tera_c++_emulator_1\debug\sloginarbiter.obj.enc
c:\users\narcis\documents\visual studio 2015\projects\tera_c++_emulator_1\tera_c++_emulator_1\debug\ssetvisiblerange.obj.enc
c:\users\narcis\documents\visual studio 2015\projects\tera_c++_emulator_1\tera_c++_emulator_1\debug\statsservice.obj.enc
c:\users\narcis\documents\visual studio 2015\projects\tera_c++_emulator_1\tera_c++_emulator_1\debug\unionsystem.obj.enc
c:\users\narcis\documents\visual studio 2015\projects\tera_c++_emulator_1\tera_c++_emulator_1\debug\worldobject.obj.enc
c:\users\narcis\documents\visual studio 2015\projects\tera_c++_emulator_1\tera_c++_emulator_1\debug\worldsystem.obj.enc
c:\users\narcis\documents\visual studio 2015\projects\tera_c++_emulator_1\tera_c++_emulator_1\debug\tera_c++.ab2072f0.tlog\cl.command.1.tlog
c:\users\narcis\documents\visual studio 2015\projects\tera_c++_emulator_1\tera_c++_emulator_1\debug\tera_c++.ab2072f0.tlog\cl.read.1.tlog
c:\users\narcis\documents\visual studio 2015\projects\tera_c++_emulator_1\tera_c++_emulator_1\debug\tera_c++.ab2072f0.tlog\cl.write.1.tlog
c:\users\narcis\documents\visual studio 2015\projects\tera_c++_emulator_1\tera_c++_emulator_1\debug\tera_c++.ab2072f0.tlog\link.command.1.tlog
c:\users\narcis\documents\visual studio 2015\projects\tera_c++_emulator_1\tera_c++_emulator_1\debug\tera_c++.ab2072f0.tlog\link.read.1.tlog
c:\users\narcis\documents\visual studio 2015\projects\tera_c++_emulator_1\tera_c++_emulator_1\debug\tera_c++.ab2072f0.tlog\link.write.1.tlog
c:\users\narcis\documents\visual studio 2015\projects\tera_c++_emulator_1\tera_c++_emulator_1\debug\tera_c++.ab2072f0.tlog\rc.command.1.tlog
c:\users\narcis\documents\visual studio 2015\projects\tera_c++_emulator_1\tera_c++_emulator_1\debug\tera_c++.ab2072f0.tlog\rc.read.1.tlog
c:\users\narcis\documents\visual studio 2015\projects\tera_c++_emulator_1\tera_c++_emulator_1\debug\tera_c++.ab2072f0.tlog\rc.write.1.tlog
